{"C:\\Users\\Emumba\\Downloads\\Deel-BE-Node-Hometask-2025\\hometask-be-template-master\\src\\app.js": {"path":"C:\\Users\\Emumba\\Downloads\\Deel-BE-Node-Hometask-2025\\hometask-be-template-master\\src\\app.js","statementMap":{"0":{"start":{"line":1,"column":16},"end":{"line":1,"column":34}},"1":{"start":{"line":2,"column":19},"end":{"line":2,"column":41}},"2":{"start":{"line":3,"column":22},"end":{"line":3,"column":40}},"3":{"start":{"line":4,"column":15},"end":{"line":4,"column":35}},"4":{"start":{"line":5,"column":23},"end":{"line":5,"column":57}},"5":{"start":{"line":6,"column":12},"end":{"line":6,"column":21}},"6":{"start":{"line":7,"column":0},"end":{"line":7,"column":27}},"7":{"start":{"line":8,"column":0},"end":{"line":8,"column":32}},"8":{"start":{"line":9,"column":0},"end":{"line":9,"column":36}},"9":{"start":{"line":11,"column":23},"end":{"line":11,"column":52}},"10":{"start":{"line":12,"column":19},"end":{"line":12,"column":43}},"11":{"start":{"line":13,"column":23},"end":{"line":13,"column":51}},"12":{"start":{"line":14,"column":20},"end":{"line":14,"column":45}},"13":{"start":{"line":16,"column":0},"end":{"line":16,"column":38}},"14":{"start":{"line":17,"column":0},"end":{"line":17,"column":29}},"15":{"start":{"line":18,"column":0},"end":{"line":18,"column":37}},"16":{"start":{"line":19,"column":0},"end":{"line":19,"column":31}},"17":{"start":{"line":21,"column":0},"end":{"line":21,"column":21}}},"fnMap":{},"branchMap":{},"s":{"0":0,"1":0,"2":0,"3":0,"4":0,"5":0,"6":0,"7":0,"8":0,"9":0,"10":0,"11":0,"12":0,"13":0,"14":0,"15":0,"16":0,"17":0},"f":{},"b":{}}
,"C:\\Users\\Emumba\\Downloads\\Deel-BE-Node-Hometask-2025\\hometask-be-template-master\\src\\model.js": {"path":"C:\\Users\\Emumba\\Downloads\\Deel-BE-Node-Hometask-2025\\hometask-be-template-master\\src\\model.js","statementMap":{"0":{"start":{"line":1,"column":18},"end":{"line":1,"column":38}},"1":{"start":{"line":3,"column":18},"end":{"line":6,"column":2}},"2":{"start":{"line":9,"column":0},"end":{"line":34,"column":2}},"3":{"start":{"line":37,"column":0},"end":{"line":51,"column":2}},"4":{"start":{"line":54,"column":0},"end":{"line":76,"column":2}},"5":{"start":{"line":78,"column":0},"end":{"line":78,"column":71}},"6":{"start":{"line":79,"column":0},"end":{"line":79,"column":47}},"7":{"start":{"line":80,"column":0},"end":{"line":80,"column":65}},"8":{"start":{"line":81,"column":0},"end":{"line":81,"column":43}},"9":{"start":{"line":82,"column":0},"end":{"line":82,"column":21}},"10":{"start":{"line":83,"column":0},"end":{"line":83,"column":23}},"11":{"start":{"line":85,"column":0},"end":{"line":90,"column":2}}},"fnMap":{},"branchMap":{},"s":{"0":1,"1":1,"2":1,"3":1,"4":1,"5":1,"6":1,"7":1,"8":1,"9":1,"10":1,"11":1},"f":{},"b":{},"_coverageSchema":"1a1c01bbd47fc00a2c39e90264f33305004495a9","hash":"f0d1c939a9e7e24b3a969c97d777992a56b4290f"}
,"C:\\Users\\Emumba\\Downloads\\Deel-BE-Node-Hometask-2025\\hometask-be-template-master\\src\\server.js": {"path":"C:\\Users\\Emumba\\Downloads\\Deel-BE-Node-Hometask-2025\\hometask-be-template-master\\src\\server.js","statementMap":{"0":{"start":{"line":1,"column":12},"end":{"line":1,"column":28}},"1":{"start":{"line":3,"column":0},"end":{"line":3,"column":7}},"2":{"start":{"line":6,"column":2},"end":{"line":13,"column":3}},"3":{"start":{"line":7,"column":4},"end":{"line":9,"column":7}},"4":{"start":{"line":8,"column":6},"end":{"line":8,"column":56}},"5":{"start":{"line":11,"column":4},"end":{"line":11,"column":65}},"6":{"start":{"line":12,"column":4},"end":{"line":12,"column":20}}},"fnMap":{"0":{"name":"init","decl":{"start":{"line":5,"column":15},"end":{"line":5,"column":19}},"loc":{"start":{"line":5,"column":22},"end":{"line":14,"column":1}},"line":5},"1":{"name":"(anonymous_1)","decl":{"start":{"line":7,"column":21},"end":{"line":7,"column":22}},"loc":{"start":{"line":7,"column":27},"end":{"line":9,"column":5}},"line":7}},"branchMap":{},"s":{"0":0,"1":0,"2":0,"3":0,"4":0,"5":0,"6":0},"f":{"0":0,"1":0},"b":{}}
,"C:\\Users\\Emumba\\Downloads\\Deel-BE-Node-Hometask-2025\\hometask-be-template-master\\src\\controllers\\adminController.js": {"path":"C:\\Users\\Emumba\\Downloads\\Deel-BE-Node-Hometask-2025\\hometask-be-template-master\\src\\controllers\\adminController.js","statementMap":{"0":{"start":{"line":1,"column":35},"end":{"line":1,"column":54}},"1":{"start":{"line":2,"column":33},"end":{"line":2,"column":53}},"2":{"start":{"line":12,"column":0},"end":{"line":46,"column":2}},"3":{"start":{"line":13,"column":2},"end":{"line":45,"column":3}},"4":{"start":{"line":14,"column":27},"end":{"line":14,"column":36}},"5":{"start":{"line":16,"column":4},"end":{"line":20,"column":5}},"6":{"start":{"line":17,"column":6},"end":{"line":19,"column":61}},"7":{"start":{"line":21,"column":19},"end":{"line":38,"column":6}},"8":{"start":{"line":40,"column":4},"end":{"line":42,"column":70}},"9":{"start":{"line":44,"column":4},"end":{"line":44,"column":61}},"10":{"start":{"line":55,"column":0},"end":{"line":96,"column":2}},"11":{"start":{"line":56,"column":2},"end":{"line":95,"column":3}},"12":{"start":{"line":57,"column":27},"end":{"line":57,"column":36}},"13":{"start":{"line":59,"column":4},"end":{"line":63,"column":5}},"14":{"start":{"line":60,"column":6},"end":{"line":62,"column":61}},"15":{"start":{"line":65,"column":20},"end":{"line":80,"column":6}},"16":{"start":{"line":82,"column":28},"end":{"line":90,"column":6}},"17":{"start":{"line":83,"column":22},"end":{"line":83,"column":63}},"18":{"start":{"line":84,"column":21},"end":{"line":84,"column":44}},"19":{"start":{"line":85,"column":6},"end":{"line":89,"column":8}},"20":{"start":{"line":92,"column":4},"end":{"line":92,"column":42}},"21":{"start":{"line":94,"column":4},"end":{"line":94,"column":61}}},"fnMap":{"0":{"name":"(anonymous_0)","decl":{"start":{"line":12,"column":25},"end":{"line":12,"column":26}},"loc":{"start":{"line":12,"column":45},"end":{"line":46,"column":1}},"line":12},"1":{"name":"(anonymous_1)","decl":{"start":{"line":55,"column":22},"end":{"line":55,"column":23}},"loc":{"start":{"line":55,"column":42},"end":{"line":96,"column":1}},"line":55},"2":{"name":"(anonymous_2)","decl":{"start":{"line":82,"column":40},"end":{"line":82,"column":41}},"loc":{"start":{"line":82,"column":47},"end":{"line":90,"column":5}},"line":82}},"branchMap":{"0":{"loc":{"start":{"line":16,"column":4},"end":{"line":20,"column":5}},"type":"if","locations":[{"start":{"line":16,"column":4},"end":{"line":20,"column":5}},{"start":{},"end":{}}],"line":16},"1":{"loc":{"start":{"line":16,"column":8},"end":{"line":16,"column":22}},"type":"binary-expr","locations":[{"start":{"line":16,"column":8},"end":{"line":16,"column":14}},{"start":{"line":16,"column":18},"end":{"line":16,"column":22}}],"line":16},"2":{"loc":{"start":{"line":42,"column":12},"end":{"line":42,"column":68}},"type":"binary-expr","locations":[{"start":{"line":42,"column":12},"end":{"line":42,"column":55}},{"start":{"line":42,"column":59},"end":{"line":42,"column":68}}],"line":42},"3":{"loc":{"start":{"line":59,"column":4},"end":{"line":63,"column":5}},"type":"if","locations":[{"start":{"line":59,"column":4},"end":{"line":63,"column":5}},{"start":{},"end":{}}],"line":59},"4":{"loc":{"start":{"line":59,"column":8},"end":{"line":59,"column":22}},"type":"binary-expr","locations":[{"start":{"line":59,"column":8},"end":{"line":59,"column":14}},{"start":{"line":59,"column":18},"end":{"line":59,"column":22}}],"line":59},"5":{"loc":{"start":{"line":83,"column":22},"end":{"line":83,"column":63}},"type":"cond-expr","locations":[{"start":{"line":83,"column":52},"end":{"line":83,"column":59}},{"start":{"line":83,"column":62},"end":{"line":83,"column":63}}],"line":83}},"s":{"0":1,"1":1,"2":1,"3":4,"4":4,"5":4,"6":1,"7":3,"8":2,"9":1,"10":1,"11":9,"12":9,"13":9,"14":1,"15":8,"16":6,"17":6,"18":6,"19":6,"20":6,"21":2},"f":{"0":4,"1":9,"2":6},"b":{"0":[1,3],"1":[4,3],"2":[2,1],"3":[1,8],"4":[9,8],"5":[1,5]},"_coverageSchema":"1a1c01bbd47fc00a2c39e90264f33305004495a9","hash":"8de8061e66cad146294d53a92c79f32523298013"}
,"C:\\Users\\Emumba\\Downloads\\Deel-BE-Node-Hometask-2025\\hometask-be-template-master\\src\\controllers\\balancesController.js": {"path":"C:\\Users\\Emumba\\Downloads\\Deel-BE-Node-Hometask-2025\\hometask-be-template-master\\src\\controllers\\balancesController.js","statementMap":{"0":{"start":{"line":1,"column":46},"end":{"line":1,"column":65}},"1":{"start":{"line":2,"column":15},"end":{"line":2,"column":35}},"2":{"start":{"line":13,"column":0},"end":{"line":61,"column":2}},"3":{"start":{"line":14,"column":21},"end":{"line":14,"column":31}},"4":{"start":{"line":15,"column":21},"end":{"line":15,"column":29}},"5":{"start":{"line":17,"column":2},"end":{"line":18,"column":71}},"6":{"start":{"line":18,"column":4},"end":{"line":18,"column":71}},"7":{"start":{"line":20,"column":22},"end":{"line":20,"column":51}},"8":{"start":{"line":21,"column":2},"end":{"line":60,"column":3}},"9":{"start":{"line":22,"column":20},"end":{"line":25,"column":6}},"10":{"start":{"line":26,"column":4},"end":{"line":29,"column":5}},"11":{"start":{"line":27,"column":6},"end":{"line":27,"column":35}},"12":{"start":{"line":28,"column":6},"end":{"line":28,"column":73}},"13":{"start":{"line":31,"column":23},"end":{"line":40,"column":6}},"14":{"start":{"line":42,"column":24},"end":{"line":42,"column":75}},"15":{"start":{"line":42,"column":56},"end":{"line":42,"column":71}},"16":{"start":{"line":43,"column":23},"end":{"line":43,"column":41}},"17":{"start":{"line":44,"column":28},"end":{"line":44,"column":48}},"18":{"start":{"line":45,"column":4},"end":{"line":50,"column":5}},"19":{"start":{"line":46,"column":6},"end":{"line":46,"column":35}},"20":{"start":{"line":47,"column":6},"end":{"line":49,"column":9}},"21":{"start":{"line":52,"column":4},"end":{"line":52,"column":30}},"22":{"start":{"line":53,"column":4},"end":{"line":53,"column":40}},"23":{"start":{"line":55,"column":4},"end":{"line":55,"column":31}},"24":{"start":{"line":56,"column":4},"end":{"line":56,"column":73}},"25":{"start":{"line":58,"column":4},"end":{"line":58,"column":33}},"26":{"start":{"line":59,"column":4},"end":{"line":59,"column":54}}},"fnMap":{"0":{"name":"(anonymous_0)","decl":{"start":{"line":13,"column":25},"end":{"line":13,"column":26}},"loc":{"start":{"line":13,"column":45},"end":{"line":61,"column":1}},"line":13},"1":{"name":"(anonymous_1)","decl":{"start":{"line":42,"column":42},"end":{"line":42,"column":43}},"loc":{"start":{"line":42,"column":56},"end":{"line":42,"column":71}},"line":42}},"branchMap":{"0":{"loc":{"start":{"line":17,"column":2},"end":{"line":18,"column":71}},"type":"if","locations":[{"start":{"line":17,"column":2},"end":{"line":18,"column":71}},{"start":{},"end":{}}],"line":17},"1":{"loc":{"start":{"line":26,"column":4},"end":{"line":29,"column":5}},"type":"if","locations":[{"start":{"line":26,"column":4},"end":{"line":29,"column":5}},{"start":{},"end":{}}],"line":26},"2":{"loc":{"start":{"line":26,"column":8},"end":{"line":26,"column":45}},"type":"binary-expr","locations":[{"start":{"line":26,"column":8},"end":{"line":26,"column":16}},{"start":{"line":26,"column":20},"end":{"line":26,"column":45}}],"line":26},"3":{"loc":{"start":{"line":44,"column":28},"end":{"line":44,"column":48}},"type":"binary-expr","locations":[{"start":{"line":44,"column":28},"end":{"line":44,"column":43}},{"start":{"line":44,"column":47},"end":{"line":44,"column":48}}],"line":44},"4":{"loc":{"start":{"line":45,"column":4},"end":{"line":50,"column":5}},"type":"if","locations":[{"start":{"line":45,"column":4},"end":{"line":50,"column":5}},{"start":{},"end":{}}],"line":45}},"s":{"0":1,"1":1,"2":1,"3":5,"4":5,"5":5,"6":1,"7":4,"8":4,"9":4,"10":3,"11":1,"12":1,"13":2,"14":2,"15":4,"16":2,"17":2,"18":2,"19":1,"20":1,"21":1,"22":1,"23":1,"24":1,"25":1,"26":1},"f":{"0":5,"1":4},"b":{"0":[1,4],"1":[1,2],"2":[3,3],"3":[2,1],"4":[1,1]},"_coverageSchema":"1a1c01bbd47fc00a2c39e90264f33305004495a9","hash":"9fea1d6f3c61872017c7dd3a376828e00ac9ca91"}
,"C:\\Users\\Emumba\\Downloads\\Deel-BE-Node-Hometask-2025\\hometask-be-template-master\\src\\controllers\\contractController.js": {"path":"C:\\Users\\Emumba\\Downloads\\Deel-BE-Node-Hometask-2025\\hometask-be-template-master\\src\\controllers\\contractController.js","statementMap":{"0":{"start":{"line":1,"column":15},"end":{"line":1,"column":35}},"1":{"start":{"line":2,"column":21},"end":{"line":2,"column":40}},"2":{"start":{"line":11,"column":0},"end":{"line":28,"column":2}},"3":{"start":{"line":12,"column":17},"end":{"line":12,"column":27}},"4":{"start":{"line":13,"column":20},"end":{"line":13,"column":34}},"5":{"start":{"line":15,"column":2},"end":{"line":27,"column":3}},"6":{"start":{"line":16,"column":21},"end":{"line":21,"column":6}},"7":{"start":{"line":23,"column":4},"end":{"line":23,"column":48}},"8":{"start":{"line":23,"column":19},"end":{"line":23,"column":48}},"9":{"start":{"line":24,"column":4},"end":{"line":24,"column":35}},"10":{"start":{"line":26,"column":4},"end":{"line":26,"column":61}},"11":{"start":{"line":37,"column":0},"end":{"line":52,"column":2}},"12":{"start":{"line":38,"column":20},"end":{"line":38,"column":34}},"13":{"start":{"line":40,"column":2},"end":{"line":51,"column":3}},"14":{"start":{"line":41,"column":22},"end":{"line":46,"column":6}},"15":{"start":{"line":48,"column":4},"end":{"line":48,"column":36}},"16":{"start":{"line":50,"column":4},"end":{"line":50,"column":61}}},"fnMap":{"0":{"name":"(anonymous_0)","decl":{"start":{"line":11,"column":26},"end":{"line":11,"column":27}},"loc":{"start":{"line":11,"column":46},"end":{"line":28,"column":1}},"line":11},"1":{"name":"(anonymous_1)","decl":{"start":{"line":37,"column":36},"end":{"line":37,"column":37}},"loc":{"start":{"line":37,"column":56},"end":{"line":52,"column":1}},"line":37}},"branchMap":{"0":{"loc":{"start":{"line":23,"column":4},"end":{"line":23,"column":48}},"type":"if","locations":[{"start":{"line":23,"column":4},"end":{"line":23,"column":48}},{"start":{},"end":{}}],"line":23}},"s":{"0":1,"1":1,"2":1,"3":3,"4":3,"5":3,"6":3,"7":2,"8":1,"9":1,"10":1,"11":1,"12":3,"13":3,"14":3,"15":2,"16":1},"f":{"0":3,"1":3},"b":{"0":[1,1]},"_coverageSchema":"1a1c01bbd47fc00a2c39e90264f33305004495a9","hash":"d1e28624ba41381af9c928ec9ce538b009a72616"}
,"C:\\Users\\Emumba\\Downloads\\Deel-BE-Node-Hometask-2025\\hometask-be-template-master\\src\\controllers\\jobController.js": {"path":"C:\\Users\\Emumba\\Downloads\\Deel-BE-Node-Hometask-2025\\hometask-be-template-master\\src\\controllers\\jobController.js","statementMap":{"0":{"start":{"line":1,"column":46},"end":{"line":1,"column":65}},"1":{"start":{"line":2,"column":15},"end":{"line":2,"column":35}},"2":{"start":{"line":11,"column":0},"end":{"line":33,"column":2}},"3":{"start":{"line":12,"column":20},"end":{"line":12,"column":34}},"4":{"start":{"line":14,"column":2},"end":{"line":32,"column":3}},"5":{"start":{"line":15,"column":17},"end":{"line":26,"column":6}},"6":{"start":{"line":28,"column":4},"end":{"line":28,"column":19}},"7":{"start":{"line":30,"column":4},"end":{"line":30,"column":25}},"8":{"start":{"line":31,"column":4},"end":{"line":31,"column":61}},"9":{"start":{"line":42,"column":0},"end":{"line":100,"column":2}},"10":{"start":{"line":43,"column":21},"end":{"line":43,"column":31}},"11":{"start":{"line":44,"column":34},"end":{"line":44,"column":45}},"12":{"start":{"line":46,"column":2},"end":{"line":50,"column":3}},"13":{"start":{"line":47,"column":4},"end":{"line":49,"column":70}},"14":{"start":{"line":51,"column":22},"end":{"line":51,"column":51}},"15":{"start":{"line":52,"column":2},"end":{"line":99,"column":3}},"16":{"start":{"line":53,"column":16},"end":{"line":60,"column":6}},"17":{"start":{"line":62,"column":4},"end":{"line":65,"column":5}},"18":{"start":{"line":63,"column":6},"end":{"line":63,"column":35}},"19":{"start":{"line":64,"column":6},"end":{"line":64,"column":62}},"20":{"start":{"line":67,"column":4},"end":{"line":70,"column":5}},"21":{"start":{"line":68,"column":6},"end":{"line":68,"column":35}},"22":{"start":{"line":69,"column":6},"end":{"line":69,"column":68}},"23":{"start":{"line":72,"column":19},"end":{"line":72,"column":69}},"24":{"start":{"line":73,"column":23},"end":{"line":75,"column":6}},"25":{"start":{"line":77,"column":4},"end":{"line":80,"column":5}},"26":{"start":{"line":78,"column":6},"end":{"line":78,"column":35}},"27":{"start":{"line":79,"column":6},"end":{"line":79,"column":69}},"28":{"start":{"line":83,"column":4},"end":{"line":83,"column":32}},"29":{"start":{"line":84,"column":4},"end":{"line":84,"column":36}},"30":{"start":{"line":86,"column":4},"end":{"line":86,"column":20}},"31":{"start":{"line":87,"column":4},"end":{"line":87,"column":33}},"32":{"start":{"line":89,"column":4},"end":{"line":89,"column":39}},"33":{"start":{"line":90,"column":4},"end":{"line":90,"column":43}},"34":{"start":{"line":91,"column":4},"end":{"line":91,"column":36}},"35":{"start":{"line":93,"column":4},"end":{"line":93,"column":31}},"36":{"start":{"line":94,"column":4},"end":{"line":94,"column":32}},"37":{"start":{"line":96,"column":4},"end":{"line":96,"column":25}},"38":{"start":{"line":97,"column":4},"end":{"line":97,"column":33}},"39":{"start":{"line":98,"column":4},"end":{"line":98,"column":54}}},"fnMap":{"0":{"name":"(anonymous_0)","decl":{"start":{"line":11,"column":24},"end":{"line":11,"column":25}},"loc":{"start":{"line":11,"column":44},"end":{"line":33,"column":1}},"line":11},"1":{"name":"(anonymous_1)","decl":{"start":{"line":42,"column":20},"end":{"line":42,"column":21}},"loc":{"start":{"line":42,"column":40},"end":{"line":100,"column":1}},"line":42}},"branchMap":{"0":{"loc":{"start":{"line":46,"column":2},"end":{"line":50,"column":3}},"type":"if","locations":[{"start":{"line":46,"column":2},"end":{"line":50,"column":3}},{"start":{},"end":{}}],"line":46},"1":{"loc":{"start":{"line":62,"column":4},"end":{"line":65,"column":5}},"type":"if","locations":[{"start":{"line":62,"column":4},"end":{"line":65,"column":5}},{"start":{},"end":{}}],"line":62},"2":{"loc":{"start":{"line":67,"column":4},"end":{"line":70,"column":5}},"type":"if","locations":[{"start":{"line":67,"column":4},"end":{"line":70,"column":5}},{"start":{},"end":{}}],"line":67},"3":{"loc":{"start":{"line":77,"column":4},"end":{"line":80,"column":5}},"type":"if","locations":[{"start":{"line":77,"column":4},"end":{"line":80,"column":5}},{"start":{},"end":{}}],"line":77}},"s":{"0":1,"1":1,"2":1,"3":2,"4":2,"5":2,"6":1,"7":1,"8":1,"9":1,"10":6,"11":6,"12":6,"13":1,"14":5,"15":5,"16":5,"17":4,"18":1,"19":1,"20":3,"21":1,"22":1,"23":2,"24":2,"25":2,"26":1,"27":1,"28":1,"29":1,"30":1,"31":1,"32":1,"33":1,"34":1,"35":1,"36":1,"37":1,"38":1,"39":1},"f":{"0":2,"1":6},"b":{"0":[1,5],"1":[1,3],"2":[1,2],"3":[1,1]},"_coverageSchema":"1a1c01bbd47fc00a2c39e90264f33305004495a9","hash":"2874785148443ee3968a876dad02ac666d73fc04"}
,"C:\\Users\\Emumba\\Downloads\\Deel-BE-Node-Hometask-2025\\hometask-be-template-master\\src\\middleware\\getProfile.js": {"path":"C:\\Users\\Emumba\\Downloads\\Deel-BE-Node-Hometask-2025\\hometask-be-template-master\\src\\middleware\\getProfile.js","statementMap":{"0":{"start":{"line":2,"column":19},"end":{"line":8,"column":1}},"1":{"start":{"line":3,"column":22},"end":{"line":3,"column":43}},"2":{"start":{"line":4,"column":20},"end":{"line":4,"column":84}},"3":{"start":{"line":5,"column":4},"end":{"line":5,"column":45}},"4":{"start":{"line":5,"column":17},"end":{"line":5,"column":45}},"5":{"start":{"line":6,"column":4},"end":{"line":6,"column":25}},"6":{"start":{"line":7,"column":4},"end":{"line":7,"column":10}},"7":{"start":{"line":9,"column":0},"end":{"line":9,"column":29}}},"fnMap":{"0":{"name":"(anonymous_0)","decl":{"start":{"line":2,"column":19},"end":{"line":2,"column":20}},"loc":{"start":{"line":2,"column":45},"end":{"line":8,"column":1}},"line":2}},"branchMap":{"0":{"loc":{"start":{"line":4,"column":55},"end":{"line":4,"column":81}},"type":"binary-expr","locations":[{"start":{"line":4,"column":55},"end":{"line":4,"column":76}},{"start":{"line":4,"column":80},"end":{"line":4,"column":81}}],"line":4},"1":{"loc":{"start":{"line":5,"column":4},"end":{"line":5,"column":45}},"type":"if","locations":[{"start":{"line":5,"column":4},"end":{"line":5,"column":45}},{"start":{},"end":{}}],"line":5}},"s":{"0":0,"1":0,"2":0,"3":0,"4":0,"5":0,"6":0,"7":0},"f":{"0":0},"b":{"0":[0,0],"1":[0,0]}}
,"C:\\Users\\Emumba\\Downloads\\Deel-BE-Node-Hometask-2025\\hometask-be-template-master\\src\\routes\\admin.js": {"path":"C:\\Users\\Emumba\\Downloads\\Deel-BE-Node-Hometask-2025\\hometask-be-template-master\\src\\routes\\admin.js","statementMap":{"0":{"start":{"line":1,"column":16},"end":{"line":1,"column":34}},"1":{"start":{"line":5,"column":4},"end":{"line":5,"column":45}},"2":{"start":{"line":6,"column":15},"end":{"line":6,"column":31}},"3":{"start":{"line":8,"column":0},"end":{"line":8,"column":47}},"4":{"start":{"line":9,"column":0},"end":{"line":9,"column":41}},"5":{"start":{"line":11,"column":0},"end":{"line":11,"column":24}}},"fnMap":{},"branchMap":{},"s":{"0":0,"1":0,"2":0,"3":0,"4":0,"5":0},"f":{},"b":{}}
,"C:\\Users\\Emumba\\Downloads\\Deel-BE-Node-Hometask-2025\\hometask-be-template-master\\src\\routes\\balances.js": {"path":"C:\\Users\\Emumba\\Downloads\\Deel-BE-Node-Hometask-2025\\hometask-be-template-master\\src\\routes\\balances.js","statementMap":{"0":{"start":{"line":1,"column":16},"end":{"line":1,"column":34}},"1":{"start":{"line":2,"column":27},"end":{"line":2,"column":71}},"2":{"start":{"line":3,"column":23},"end":{"line":3,"column":58}},"3":{"start":{"line":5,"column":15},"end":{"line":5,"column":31}},"4":{"start":{"line":6,"column":0},"end":{"line":6,"column":60}},"5":{"start":{"line":7,"column":0},"end":{"line":7,"column":24}}},"fnMap":{},"branchMap":{},"s":{"0":0,"1":0,"2":0,"3":0,"4":0,"5":0},"f":{},"b":{}}
,"C:\\Users\\Emumba\\Downloads\\Deel-BE-Node-Hometask-2025\\hometask-be-template-master\\src\\routes\\contracts.js": {"path":"C:\\Users\\Emumba\\Downloads\\Deel-BE-Node-Hometask-2025\\hometask-be-template-master\\src\\routes\\contracts.js","statementMap":{"0":{"start":{"line":1,"column":16},"end":{"line":1,"column":34}},"1":{"start":{"line":2,"column":23},"end":{"line":2,"column":58}},"2":{"start":{"line":6,"column":4},"end":{"line":6,"column":48}},"3":{"start":{"line":8,"column":15},"end":{"line":8,"column":31}},"4":{"start":{"line":10,"column":0},"end":{"line":10,"column":48}},"5":{"start":{"line":11,"column":0},"end":{"line":11,"column":55}},"6":{"start":{"line":13,"column":0},"end":{"line":13,"column":24}}},"fnMap":{},"branchMap":{},"s":{"0":0,"1":0,"2":0,"3":0,"4":0,"5":0,"6":0},"f":{},"b":{}}
,"C:\\Users\\Emumba\\Downloads\\Deel-BE-Node-Hometask-2025\\hometask-be-template-master\\src\\routes\\jobs.js": {"path":"C:\\Users\\Emumba\\Downloads\\Deel-BE-Node-Hometask-2025\\hometask-be-template-master\\src\\routes\\jobs.js","statementMap":{"0":{"start":{"line":1,"column":16},"end":{"line":1,"column":34}},"1":{"start":{"line":2,"column":15},"end":{"line":2,"column":31}},"2":{"start":{"line":3,"column":23},"end":{"line":3,"column":58}},"3":{"start":{"line":4,"column":37},"end":{"line":4,"column":76}},"4":{"start":{"line":6,"column":0},"end":{"line":6,"column":49}},"5":{"start":{"line":7,"column":0},"end":{"line":7,"column":51}},"6":{"start":{"line":9,"column":0},"end":{"line":9,"column":24}}},"fnMap":{},"branchMap":{},"s":{"0":0,"1":0,"2":0,"3":0,"4":0,"5":0,"6":0},"f":{},"b":{}}
}
