TN:
SF:src\app.js
FNF:0
FNH:0
DA:1,0
DA:2,0
DA:3,0
DA:4,0
DA:5,0
DA:6,0
DA:7,0
DA:8,0
DA:9,0
DA:11,0
DA:12,0
DA:13,0
DA:14,0
DA:16,0
DA:17,0
DA:18,0
DA:19,0
DA:21,0
LF:18
LH:0
BRF:0
BRH:0
end_of_record
TN:
SF:src\model.js
FNF:0
FNH:0
DA:1,1
DA:3,1
DA:9,1
DA:37,1
DA:54,1
DA:78,1
DA:79,1
DA:80,1
DA:81,1
DA:82,1
DA:83,1
DA:85,1
LF:12
LH:12
BRF:0
BRH:0
end_of_record
TN:
SF:src\server.js
FN:5,init
FN:7,(anonymous_1)
FNF:2
FNH:0
FNDA:0,init
FNDA:0,(anonymous_1)
DA:1,0
DA:3,0
DA:6,0
DA:7,0
DA:8,0
DA:11,0
DA:12,0
LF:7
LH:0
BRF:0
BRH:0
end_of_record
TN:
SF:src\controllers\adminController.js
FN:12,(anonymous_0)
FN:55,(anonymous_1)
FN:82,(anonymous_2)
FNF:3
FNH:3
FNDA:4,(anonymous_0)
FNDA:9,(anonymous_1)
FNDA:6,(anonymous_2)
DA:1,1
DA:2,1
DA:12,1
DA:13,4
DA:14,4
DA:16,4
DA:17,1
DA:21,3
DA:40,2
DA:44,1
DA:55,1
DA:56,9
DA:57,9
DA:59,9
DA:60,1
DA:65,8
DA:82,6
DA:83,6
DA:84,6
DA:85,6
DA:92,6
DA:94,2
LF:22
LH:22
BRDA:16,0,0,1
BRDA:16,0,1,3
BRDA:16,1,0,4
BRDA:16,1,1,3
BRDA:42,2,0,2
BRDA:42,2,1,1
BRDA:59,3,0,1
BRDA:59,3,1,8
BRDA:59,4,0,9
BRDA:59,4,1,8
BRDA:83,5,0,1
BRDA:83,5,1,5
BRF:12
BRH:12
end_of_record
TN:
SF:src\controllers\balancesController.js
FN:13,(anonymous_0)
FN:42,(anonymous_1)
FNF:2
FNH:2
FNDA:5,(anonymous_0)
FNDA:4,(anonymous_1)
DA:1,1
DA:2,1
DA:13,1
DA:14,5
DA:15,5
DA:17,5
DA:18,1
DA:20,4
DA:21,4
DA:22,4
DA:26,3
DA:27,1
DA:28,1
DA:31,2
DA:42,4
DA:43,2
DA:44,2
DA:45,2
DA:46,1
DA:47,1
DA:52,1
DA:53,1
DA:55,1
DA:56,1
DA:58,1
DA:59,1
LF:26
LH:26
BRDA:17,0,0,1
BRDA:17,0,1,4
BRDA:26,1,0,1
BRDA:26,1,1,2
BRDA:26,2,0,3
BRDA:26,2,1,3
BRDA:44,3,0,2
BRDA:44,3,1,1
BRDA:45,4,0,1
BRDA:45,4,1,1
BRF:10
BRH:10
end_of_record
TN:
SF:src\controllers\contractController.js
FN:11,(anonymous_0)
FN:37,(anonymous_1)
FNF:2
FNH:2
FNDA:3,(anonymous_0)
FNDA:3,(anonymous_1)
DA:1,1
DA:2,1
DA:11,1
DA:12,3
DA:13,3
DA:15,3
DA:16,3
DA:23,2
DA:24,1
DA:26,1
DA:37,1
DA:38,3
DA:40,3
DA:41,3
DA:48,2
DA:50,1
LF:16
LH:16
BRDA:23,0,0,1
BRDA:23,0,1,1
BRF:2
BRH:2
end_of_record
TN:
SF:src\controllers\jobController.js
FN:11,(anonymous_0)
FN:42,(anonymous_1)
FNF:2
FNH:2
FNDA:2,(anonymous_0)
FNDA:6,(anonymous_1)
DA:1,1
DA:2,1
DA:11,1
DA:12,2
DA:14,2
DA:15,2
DA:28,1
DA:30,1
DA:31,1
DA:42,1
DA:43,6
DA:44,6
DA:46,6
DA:47,1
DA:51,5
DA:52,5
DA:53,5
DA:62,4
DA:63,1
DA:64,1
DA:67,3
DA:68,1
DA:69,1
DA:72,2
DA:73,2
DA:77,2
DA:78,1
DA:79,1
DA:83,1
DA:84,1
DA:86,1
DA:87,1
DA:89,1
DA:90,1
DA:91,1
DA:93,1
DA:94,1
DA:96,1
DA:97,1
DA:98,1
LF:40
LH:40
BRDA:46,0,0,1
BRDA:46,0,1,5
BRDA:62,1,0,1
BRDA:62,1,1,3
BRDA:67,2,0,1
BRDA:67,2,1,2
BRDA:77,3,0,1
BRDA:77,3,1,1
BRF:8
BRH:8
end_of_record
TN:
SF:src\middleware\getProfile.js
FN:2,(anonymous_0)
FNF:1
FNH:0
FNDA:0,(anonymous_0)
DA:2,0
DA:3,0
DA:4,0
DA:5,0
DA:6,0
DA:7,0
DA:9,0
LF:7
LH:0
BRDA:4,0,0,0
BRDA:4,0,1,0
BRDA:5,1,0,0
BRDA:5,1,1,0
BRF:4
BRH:0
end_of_record
TN:
SF:src\routes\admin.js
FNF:0
FNH:0
DA:1,0
DA:5,0
DA:6,0
DA:8,0
DA:9,0
DA:11,0
LF:6
LH:0
BRF:0
BRH:0
end_of_record
TN:
SF:src\routes\balances.js
FNF:0
FNH:0
DA:1,0
DA:2,0
DA:3,0
DA:5,0
DA:6,0
DA:7,0
LF:6
LH:0
BRF:0
BRH:0
end_of_record
TN:
SF:src\routes\contracts.js
FNF:0
FNH:0
DA:1,0
DA:2,0
DA:6,0
DA:8,0
DA:10,0
DA:11,0
DA:13,0
LF:7
LH:0
BRF:0
BRH:0
end_of_record
TN:
SF:src\routes\jobs.js
FNF:0
FNH:0
DA:1,0
DA:2,0
DA:3,0
DA:4,0
DA:6,0
DA:7,0
DA:9,0
LF:7
LH:0
BRF:0
BRH:0
end_of_record
